10:59:12,289 INFO  [Server] Starting JBoss (MX MicroKernel)...
10:59:12,289 INFO  [Server] Release ID: JBoss [Zion] 4.0.2 (build: CVSTag=JBoss_4_0_2 date=200505022023)
10:59:12,289 DEBUG [Server] Using config: org.jboss.system.server.ServerConfigImpl@cf40f5
10:59:12,289 DEBUG [Server] Server type: class org.jboss.system.server.ServerImpl
10:59:12,289 INFO  [Server] Home Dir: D:\Defina\jboss-4.0.2
10:59:12,289 INFO  [Server] Home URL: file:/D:/Defina/jboss-4.0.2/
10:59:12,289 INFO  [Server] Library URL: file:/D:/Defina/jboss-4.0.2/lib/
10:59:12,289 INFO  [Server] Patch URL: null
10:59:12,289 INFO  [Server] Server Name: defina
10:59:12,289 INFO  [Server] Server Home Dir: D:\Defina\jboss-4.0.2\server\defina
10:59:12,289 INFO  [Server] Server Home URL: file:/D:/Defina/jboss-4.0.2/server/defina/
10:59:12,289 INFO  [Server] Server Data Dir: D:\Defina\jboss-4.0.2\server\defina\data
10:59:12,289 INFO  [Server] Server Temp Dir: D:\Defina\jboss-4.0.2\server\defina\tmp
10:59:12,289 INFO  [Server] Server Config URL: file:/D:/Defina/jboss-4.0.2/server/defina/conf/
10:59:12,289 INFO  [Server] Server Library URL: file:/D:/Defina/jboss-4.0.2/server/defina/lib/
10:59:12,289 INFO  [Server] Root Deployment Filename: jboss-service.xml
10:59:12,289 INFO  [Server] Starting General Purpose Architecture (GPA)...
10:59:13,501 DEBUG [Server] Created MBeanServer: org.jboss.mx.server.MBeanServerImpl@186768e[ defaultDomain='jboss' ]
10:59:13,531 DEBUG [Server] Boot url list: [file:/D:/Defina/jboss-4.0.2/server/defina/conf/]
10:59:13,531 DEBUG [Server] Creating loader for URL: file:/D:/Defina/jboss-4.0.2/server/defina/conf/
10:59:13,541 DEBUG [UnifiedClassLoader] New jmx UCL with url file:/D:/Defina/jboss-4.0.2/server/defina/conf/
10:59:13,541 DEBUG [RepositoryClassLoader] setRepository, repository=org.jboss.mx.loading.UnifiedLoaderRepository3@1ab28fe, cl=org.jboss.mx.loading.UnifiedClassLoader3@105738{ url=file:/D:/Defina/jboss-4.0.2/server/defina/conf/ ,addedOrder=0}
10:59:13,541 DEBUG [RepositoryClassLoader] setRepository, repository=org.jboss.mx.loading.UnifiedLoaderRepository3@1ab28fe, cl=org.jboss.mx.loading.UnifiedClassLoader3@105738{ url=file:/D:/Defina/jboss-4.0.2/server/defina/conf/ ,addedOrder=0}
10:59:13,541 DEBUG [UnifiedLoaderRepository3] Adding org.jboss.mx.loading.UnifiedClassLoader3@105738{ url=file:/D:/Defina/jboss-4.0.2/server/defina/conf/ ,addedOrder=0}
10:59:13,591 DEBUG [Server] Failed to create xmbean for: org.jboss.system.server.ServerInfo
10:59:13,601 INFO  [ServerInfo] Java version: 1.4.2_14,Sun Microsystems Inc.
10:59:13,601 INFO  [ServerInfo] Java VM: Java HotSpot(TM) Client VM 1.4.2_14-b05,Sun Microsystems Inc.
10:59:13,601 INFO  [ServerInfo] OS-System: Windows XP 5.1,x86
10:59:13,601 DEBUG [ServerInfo] Full System Properties Dump
10:59:13,601 DEBUG [ServerInfo]     java.runtime.name: Java(TM) 2 Runtime Environment, Standard Edition
10:59:13,601 DEBUG [ServerInfo]     jboss.server.base.dir: D:\Defina\jboss-4.0.2\server
10:59:13,601 DEBUG [ServerInfo]     java.protocol.handler.pkgs: org.jboss.net.protocol
10:59:13,601 DEBUG [ServerInfo]     sun.boot.library.path: C:\Archivos de Programa\j2sdk1.4.2_14\jre\bin
10:59:13,601 DEBUG [ServerInfo]     jboss.server.lib.url: file:/D:/Defina/jboss-4.0.2/server/defina/lib/
10:59:13,601 DEBUG [ServerInfo]     java.vm.version: 1.4.2_14-b05
10:59:13,601 DEBUG [ServerInfo]     javax.management.builder.initial: org.jboss.mx.server.MBeanServerBuilderImpl
10:59:13,601 DEBUG [ServerInfo]     java.vm.vendor: Sun Microsystems Inc.
10:59:13,601 DEBUG [ServerInfo]     java.vendor.url: http://java.sun.com/
10:59:13,601 DEBUG [ServerInfo]     path.separator: ;
10:59:13,601 DEBUG [ServerInfo]     java.vm.name: Java HotSpot(TM) Client VM
10:59:13,601 DEBUG [ServerInfo]     file.encoding.pkg: sun.io
10:59:13,601 DEBUG [ServerInfo]     user.country: ES
10:59:13,601 DEBUG [ServerInfo]     sun.os.patch.level: Service Pack 3
10:59:13,601 DEBUG [ServerInfo]     program.name: run.bat
10:59:13,601 DEBUG [ServerInfo]     java.vm.specification.name: Java Virtual Machine Specification
10:59:13,601 DEBUG [ServerInfo]     user.dir: D:\Defina\jboss-4.0.2
10:59:13,601 DEBUG [ServerInfo]     jboss.server.base.url: file:/D:/Defina/jboss-4.0.2/server/
10:59:13,601 DEBUG [ServerInfo]     java.runtime.version: 1.4.2_14-b05
10:59:13,601 DEBUG [ServerInfo]     java.awt.graphicsenv: sun.awt.Win32GraphicsEnvironment
10:59:13,601 DEBUG [ServerInfo]     java.endorsed.dirs: D:\Defina\jboss-4.0.2\bin\\..\lib\endorsed
10:59:13,601 DEBUG [ServerInfo]     os.arch: x86
10:59:13,601 DEBUG [ServerInfo]     java.io.tmpdir: C:\DOCUME~1\Mijael\CONFIG~1\Temp\
10:59:13,601 DEBUG [ServerInfo]     line.separator: 

10:59:13,601 DEBUG [ServerInfo]     jbossmx.loader.repository.class: org.jboss.mx.loading.UnifiedLoaderRepository3
10:59:13,601 DEBUG [ServerInfo]     java.vm.specification.vendor: Sun Microsystems Inc.
10:59:13,601 DEBUG [ServerInfo]     user.variant: 
10:59:13,601 DEBUG [ServerInfo]     os.name: Windows XP
10:59:13,601 DEBUG [ServerInfo]     sun.java2d.fontpath: 
10:59:13,601 DEBUG [ServerInfo]     jboss.bind.address: 0.0.0.0
10:59:13,601 DEBUG [ServerInfo]     jboss.server.temp.dir: D:\Defina\jboss-4.0.2\server\defina\tmp
10:59:13,601 DEBUG [ServerInfo]     jboss.home.dir: D:\Defina\jboss-4.0.2
10:59:13,601 DEBUG [ServerInfo]     java.library.path: C:\Archivos de Programa\j2sdk1.4.2_14\bin;.;C:\WINDOWS\system32;C:\WINDOWS;C:\WINDOWS\system32;C:\WINDOWS;C:\WINDOWS\System32\Wbem;C:\Archivos de programa\Windows Imaging\;C:\Archivos de Programa\j2sdk1.4.2_14\bin
10:59:13,601 DEBUG [ServerInfo]     jboss.server.home.dir: D:\Defina\jboss-4.0.2\server\defina
10:59:13,601 DEBUG [ServerInfo]     java.class.version: 48.0
10:59:13,601 DEBUG [ServerInfo]     java.specification.name: Java Platform API Specification
10:59:13,601 DEBUG [ServerInfo]     jboss.server.config.url: file:/D:/Defina/jboss-4.0.2/server/defina/conf/
10:59:13,601 DEBUG [ServerInfo]     java.util.prefs.PreferencesFactory: java.util.prefs.WindowsPreferencesFactory
10:59:13,601 DEBUG [ServerInfo]     os.version: 5.1
10:59:13,601 DEBUG [ServerInfo]     jboss.home.url: file:/D:/Defina/jboss-4.0.2/
10:59:13,601 DEBUG [ServerInfo]     user.home: C:\Documents and Settings\Mijael
10:59:13,601 DEBUG [ServerInfo]     user.timezone: America/Mexico_City
10:59:13,601 DEBUG [ServerInfo]     java.awt.printerjob: sun.awt.windows.WPrinterJob
10:59:13,601 DEBUG [ServerInfo]     java.specification.version: 1.4
10:59:13,601 DEBUG [ServerInfo]     file.encoding: Cp1252
10:59:13,601 DEBUG [ServerInfo]     jboss.server.home.url: file:/D:/Defina/jboss-4.0.2/server/defina/
10:59:13,601 DEBUG [ServerInfo]     user.name: Mijael
10:59:13,601 DEBUG [ServerInfo]     java.class.path: C:\Archivos de Programa\j2sdk1.4.2_14\lib\tools.jar;D:\Defina\jboss-4.0.2\bin\\run.jar
10:59:13,601 DEBUG [ServerInfo]     jboss.lib.url: file:/D:/Defina/jboss-4.0.2/lib/
10:59:13,601 DEBUG [ServerInfo]     jboss.server.name: defina
10:59:13,601 DEBUG [ServerInfo]     java.vm.specification.version: 1.0
10:59:13,601 DEBUG [ServerInfo]     sun.arch.data.model: 32
10:59:13,601 DEBUG [ServerInfo]     java.home: C:\Archivos de Programa\j2sdk1.4.2_14\jre
10:59:13,601 DEBUG [ServerInfo]     java.specification.vendor: Sun Microsystems Inc.
10:59:13,601 DEBUG [ServerInfo]     user.language: es
10:59:13,601 DEBUG [ServerInfo]     awt.toolkit: sun.awt.windows.WToolkit
10:59:13,601 DEBUG [ServerInfo]     java.vm.info: mixed mode
10:59:13,601 DEBUG [ServerInfo]     java.version: 1.4.2_14
10:59:13,601 DEBUG [ServerInfo]     java.ext.dirs: C:\Archivos de Programa\j2sdk1.4.2_14\jre\lib\ext
10:59:13,601 DEBUG [ServerInfo]     jboss.server.data.dir: D:\Defina\jboss-4.0.2\server\defina\data
10:59:13,601 DEBUG [ServerInfo]     sun.boot.class.path: D:\Defina\jboss-4.0.2\bin\\..\lib\endorsed\resolver.jar;D:\Defina\jboss-4.0.2\bin\\..\lib\endorsed\xalan.jar;D:\Defina\jboss-4.0.2\bin\\..\lib\endorsed\xercesImpl.jar;D:\Defina\jboss-4.0.2\bin\\..\lib\endorsed\xml-apis.jar;C:\Archivos de Programa\j2sdk1.4.2_14\jre\lib\rt.jar;C:\Archivos de Programa\j2sdk1.4.2_14\jre\lib\i18n.jar;C:\Archivos de Programa\j2sdk1.4.2_14\jre\lib\sunrsasign.jar;C:\Archivos de Programa\j2sdk1.4.2_14\jre\lib\jsse.jar;C:\Archivos de Programa\j2sdk1.4.2_14\jre\lib\jce.jar;C:\Archivos de Programa\j2sdk1.4.2_14\jre\lib\charsets.jar;C:\Archivos de Programa\j2sdk1.4.2_14\jre\classes
10:59:13,601 DEBUG [ServerInfo]     java.vendor: Sun Microsystems Inc.
10:59:13,601 DEBUG [ServerInfo]     file.separator: \
10:59:13,601 DEBUG [ServerInfo]     java.vendor.url.bug: http://java.sun.com/cgi-bin/bugreport.cgi
10:59:13,601 DEBUG [ServerInfo]     sun.cpu.endian: little
10:59:13,601 DEBUG [ServerInfo]     sun.io.unicode.encoding: UnicodeLittle
10:59:13,601 DEBUG [ServerInfo]     sun.cpu.isalist: pentium i486 i386
10:59:13,601 DEBUG [Server] Created system MBean: jboss.system:type=ServerInfo
10:59:13,611 DEBUG [Server] Failed to create xmbean for: org.jboss.system.ServiceController
10:59:13,621 DEBUG [ServiceController] Controller MBean online
10:59:13,621 DEBUG [Server] Created system MBean: jboss.system:service=ServiceController
10:59:13,721 DEBUG [Server] Created system XMBean: jboss.system:service=MainDeployer
10:59:13,721 DEBUG [ServiceController] Creating service jboss.system:service=MainDeployer
10:59:13,721 DEBUG [MainDeployer] Creating jboss.system:service=MainDeployer
10:59:14,171 DEBUG [MainDeployer] Created jboss.system:service=MainDeployer
10:59:14,171 DEBUG [ServiceController] Creating dependent components for: jboss.system:service=MainDeployer dependents are: []
10:59:14,171 DEBUG [ServiceController] starting service jboss.system:service=MainDeployer
10:59:14,171 DEBUG [MainDeployer] Starting jboss.system:service=MainDeployer
10:59:14,171 DEBUG [MainDeployer] Started jboss.system:service=MainDeployer
10:59:14,171 DEBUG [ServiceController] Starting dependent components for: jboss.system:service=MainDeployer dependent components: []
10:59:14,171 DEBUG [Server] Shutdown hook added
10:59:14,202 DEBUG [Server] Created system XMBean: jboss.system:service=JARDeployer
10:59:14,202 DEBUG [ServiceController] Creating service jboss.system:service=JARDeployer
10:59:14,202 DEBUG [JARDeployer] Creating jboss.system:service=JARDeployer
10:59:14,222 DEBUG [JARDeployer] Created jboss.system:service=JARDeployer
10:59:14,222 DEBUG [ServiceController] Creating dependent components for: jboss.system:service=JARDeployer dependents are: []
10:59:14,222 DEBUG [ServiceController] starting service jboss.system:service=JARDeployer
10:59:14,222 DEBUG [JARDeployer] Starting jboss.system:service=JARDeployer
10:59:14,222 DEBUG [MainDeployer] Adding deployer: org.jboss.deployment.JARDeployer@18f5824
10:59:14,222 DEBUG [JARDeployer] Started jboss.system:service=JARDeployer
10:59:14,222 DEBUG [ServiceController] Starting dependent components for: jboss.system:service=JARDeployer dependent components: []
10:59:14,232 DEBUG [Server] Created system XMBean: jboss.system:service=ServiceDeployer
10:59:14,242 DEBUG [ServiceController] Creating service jboss.system:service=ServiceDeployer
10:59:14,242 DEBUG [SARDeployer] Creating jboss.system:service=ServiceDeployer
10:59:14,242 DEBUG [SARDeployer] Created jboss.system:service=ServiceDeployer
10:59:14,242 DEBUG [ServiceController] Creating dependent components for: jboss.system:service=ServiceDeployer dependents are: []
10:59:14,242 DEBUG [ServiceController] starting service jboss.system:service=ServiceDeployer
10:59:14,242 DEBUG [SARDeployer] Starting jboss.system:service=ServiceDeployer
10:59:14,242 DEBUG [MainDeployer] Adding deployer: org.jboss.deployment.SARDeployer@60991f
10:59:14,252 DEBUG [SARDeployer] Started jboss.system:service=ServiceDeployer
10:59:14,252 DEBUG [ServiceController] Starting dependent components for: jboss.system:service=ServiceDeployer dependent components: []
10:59:14,252 INFO  [Server] Core system initialized
10:59:14,262 DEBUG [MainDeployer] Starting deployment of package: file:/D:/Defina/jboss-4.0.2/server/defina/conf/jboss-service.xml
10:59:14,262 DEBUG [MainDeployer] Starting deployment (init step) of package at: file:/D:/Defina/jboss-4.0.2/server/defina/conf/jboss-service.xml
10:59:14,262 DEBUG [MainDeployer] Copying file:/D:/Defina/jboss-4.0.2/server/defina/conf/jboss-service.xml -> D:\Defina\jboss-4.0.2\server\defina\tmp\deploy\tmp20854jboss-service.xml
10:59:14,262 DEBUG [MainDeployer] using deployer org.jboss.deployment.SARDeployer@60991f
10:59:14,282 DEBUG [SARDeployer] Found classpath element: [classpath: null]
10:59:14,292 DEBUG [SARDeployer] codebase URL is file:/D:/Defina/jboss-4.0.2/server/defina/lib/
10:59:14,322 DEBUG [SARDeployer] listing codebase for archives matching *
10:59:14,322 DEBUG [SARDeployer] URLLister class is org.jboss.net.protocol.file.FileURLLister
10:59:14,332 DEBUG [SARDeployer] deployed classes for file:/D:/Defina/jboss-4.0.2/server/defina/lib/activation.jar
10:59:14,332 DEBUG [SARDeployer] deployed classes for file:/D:/Defina/jboss-4.0.2/server/defina/lib/autonumber-plugin.jar
10:59:14,332 DEBUG [SARDeployer] deployed classes for file:/D:/Defina/jboss-4.0.2/server/defina/lib/bcel.jar
10:59:14,332 DEBUG [SARDeployer] deployed classes for file:/D:/Defina/jboss-4.0.2/server/defina/lib/bindingservice-plugin.jar
10:59:14,332 DEBUG [SARDeployer] deployed classes for file:/D:/Defina/jboss-4.0.2/server/defina/lib/bsh-1.3.0.jar
10:59:14,332 DEBUG [SARDeployer] deployed classes for file:/D:/Defina/jboss-4.0.2/server/defina/lib/bsh-deployer.jar
10:59:14,332 DEBUG [SARDeployer] deployed classes for file:/D:/Defina/jboss-4.0.2/server/defina/lib/commons-httpclient.jar
10:59:14,332 DEBUG [SARDeployer] deployed classes for file:/D:/Defina/jboss-4.0.2/server/defina/lib/commons-logging.jar
10:59:14,332 DEBUG [SARDeployer] deployed classes for file:/D:/Defina/jboss-4.0.2/server/defina/lib/hsqldb-plugin.jar
10:59:14,332 DEBUG [SARDeployer] deployed classes for file:/D:/Defina/jboss-4.0.2/server/defina/lib/hsqldb.jar
10:59:14,332 DEBUG [SARDeployer] deployed classes for file:/D:/Defina/jboss-4.0.2/server/defina/lib/javax.servlet.jar
10:59:14,332 DEBUG [SARDeployer] deployed classes for file:/D:/Defina/jboss-4.0.2/server/defina/lib/javax.servlet.jsp.jar
10:59:14,332 DEBUG [SARDeployer] deployed classes for file:/D:/Defina/jboss-4.0.2/server/defina/lib/jboss-common-jdbc-wrapper.jar
10:59:14,332 DEBUG [SARDeployer] deployed classes for file:/D:/Defina/jboss-4.0.2/server/defina/lib/jboss-j2ee.jar
10:59:14,332 DEBUG [SARDeployer] deployed classes for file:/D:/Defina/jboss-4.0.2/server/defina/lib/jboss-jaxrpc.jar
10:59:14,332 DEBUG [SARDeployer] deployed classes for file:/D:/Defina/jboss-4.0.2/server/defina/lib/jboss-jca.jar
10:59:14,332 DEBUG [SARDeployer] deployed classes for file:/D:/Defina/jboss-4.0.2/server/defina/lib/jboss-jsr77.jar
10:59:14,332 DEBUG [SARDeployer] deployed classes for file:/D:/Defina/jboss-4.0.2/server/defina/lib/jboss-management.jar
10:59:14,332 DEBUG [SARDeployer] deployed classes for file:/D:/Defina/jboss-4.0.2/server/defina/lib/jboss-monitoring.jar
10:59:14,332 DEBUG [SARDeployer] deployed classes for file:/D:/Defina/jboss-4.0.2/server/defina/lib/jboss-saaj.jar
10:59:14,332 DEBUG [SARDeployer] deployed classes for file:/D:/Defina/jboss-4.0.2/server/defina/lib/jboss-transaction.jar
10:59:14,332 DEBUG [SARDeployer] deployed classes for file:/D:/Defina/jboss-4.0.2/server/defina/lib/jboss.jar
10:59:14,332 DEBUG [SARDeployer] deployed classes for file:/D:/Defina/jboss-4.0.2/server/defina/lib/jbossmq.jar
10:59:14,332 DEBUG [SARDeployer] deployed classes for file:/D:/Defina/jboss-4.0.2/server/defina/lib/jbosssx.jar
10:59:14,332 DEBUG [SARDeployer] deployed classes for file:/D:/Defina/jboss-4.0.2/server/defina/lib/jmx-adaptor-plugin.jar
10:59:14,332 DEBUG [SARDeployer] deployed classes for file:/D:/Defina/jboss-4.0.2/server/defina/lib/jnpserver.jar
10:59:14,332 DEBUG [SARDeployer] deployed classes for file:/D:/Defina/jboss-4.0.2/server/defina/lib/jpl-pattern.jar
10:59:14,332 DEBUG [SARDeployer] deployed classes for file:/D:/Defina/jboss-4.0.2/server/defina/lib/jpl-util.jar
10:59:14,332 DEBUG [SARDeployer] deployed classes for file:/D:/Defina/jboss-4.0.2/server/defina/lib/license.html
10:59:14,332 DEBUG [SARDeployer] deployed classes for file:/D:/Defina/jboss-4.0.2/server/defina/lib/log4j.jar
10:59:14,332 DEBUG [SARDeployer] deployed classes for file:/D:/Defina/jboss-4.0.2/server/defina/lib/mail-plugin.jar
10:59:14,332 DEBUG [SARDeployer] deployed classes for file:/D:/Defina/jboss-4.0.2/server/defina/lib/mail.jar
10:59:14,332 DEBUG [SARDeployer] deployed classes for file:/D:/Defina/jboss-4.0.2/server/defina/lib/properties-plugin.jar
10:59:14,332 DEBUG [SARDeployer] deployed classes for file:/D:/Defina/jboss-4.0.2/server/defina/lib/scheduler-plugin-example.jar
10:59:14,332 DEBUG [SARDeployer] deployed classes for file:/D:/Defina/jboss-4.0.2/server/defina/lib/scheduler-plugin.jar
10:59:14,332 DEBUG [SARDeployer] deployed classes for file:/D:/Defina/jboss-4.0.2/server/defina/lib/scout.jar
10:59:14,332 DEBUG [SARDeployer] deployed classes for file:/D:/Defina/jboss-4.0.2/server/defina/lib/snmp-support.jar
10:59:14,332 DEBUG [SARDeployer] deployed classes for file:/D:/Defina/jboss-4.0.2/server/defina/lib/webcallbackhandler.jar
10:59:14,332 DEBUG [SARDeployer] about to copy 0 local directories
10:59:14,332 DEBUG [SARDeployer] looking for nested deployments in : file:/D:/Defina/jboss-4.0.2/server/defina/conf/jboss-service.xml
10:59:14,332 DEBUG [DeploymentInfo] createLoaderRepository from config: LoaderRepositoryConfig(repositoryName: JMImplementation:name=Default,service=LoaderRepository, repositoryClassName: null, configParserClassName: null, repositoryConfig: null)
10:59:14,332 DEBUG [UnifiedClassLoader] New jmx UCL with url file:/D:/Defina/jboss-4.0.2/server/defina/tmp/deploy/tmp20854jboss-service.xml
10:59:14,332 DEBUG [RepositoryClassLoader] setRepository, repository=org.jboss.mx.loading.UnifiedLoaderRepository3@1ab28fe, cl=org.jboss.mx.loading.UnifiedClassLoader3@a613f8{ url=file:/D:/Defina/jboss-4.0.2/server/defina/tmp/deploy/tmp20854jboss-service.xml ,addedOrder=0}
10:59:14,332 DEBUG [RepositoryClassLoader] setRepository, repository=org.jboss.mx.loading.UnifiedLoaderRepository3@1ab28fe, cl=org.jboss.mx.loading.UnifiedClassLoader3@a613f8{ url=file:/D:/Defina/jboss-4.0.2/server/defina/tmp/deploy/tmp20854jboss-service.xml ,addedOrder=0}
10:59:14,332 DEBUG [UnifiedLoaderRepository3] Adding org.jboss.mx.loading.UnifiedClassLoader3@a613f8{ url=file:/D:/Defina/jboss-4.0.2/server/defina/tmp/deploy/tmp20854jboss-service.xml ,addedOrder=0}
10:59:14,382 DEBUG [RepositoryClassLoader] Added url: file:/D:/Defina/jboss-4.0.2/server/defina/lib/activation.jar, to ucl: org.jboss.mx.loading.UnifiedClassLoader3@a613f8{ url=file:/D:/Defina/jboss-4.0.2/server/defina/tmp/deploy/tmp20854jboss-service.xml ,addedOrder=2}
10:59:14,382 DEBUG [RepositoryClassLoader] Added url: file:/D:/Defina/jboss-4.0.2/server/defina/lib/autonumber-plugin.jar, to ucl: org.jboss.mx.loading.UnifiedClassLoader3@a613f8{ url=file:/D:/Defina/jboss-4.0.2/server/defina/tmp/deploy/tmp20854jboss-service.xml ,addedOrder=2}
10:59:14,412 DEBUG [RepositoryClassLoader] Added url: file:/D:/Defina/jboss-4.0.2/server/defina/lib/bcel.jar, to ucl: org.jboss.mx.loading.UnifiedClassLoader3@a613f8{ url=file:/D:/Defina/jboss-4.0.2/server/defina/tmp/deploy/tmp20854jboss-service.xml ,addedOrder=2}
10:59:14,412 DEBUG [RepositoryClassLoader] Added url: file:/D:/Defina/jboss-4.0.2/server/defina/lib/bindingservice-plugin.jar, to ucl: org.jboss.mx.loading.UnifiedClassLoader3@a613f8{ url=file:/D:/Defina/jboss-4.0.2/server/defina/tmp/deploy/tmp20854jboss-service.xml ,addedOrder=2}
10:59:14,422 DEBUG [RepositoryClassLoader] Added url: file:/D:/Defina/jboss-4.0.2/server/defina/lib/bsh-1.3.0.jar, to ucl: org.jboss.mx.loading.UnifiedClassLoader3@a613f8{ url=file:/D:/Defina/jboss-4.0.2/server/defina/tmp/deploy/tmp20854jboss-service.xml ,addedOrder=2}
10:59:14,422 DEBUG [RepositoryClassLoader] Added url: file:/D:/Defina/jboss-4.0.2/server/defina/lib/bsh-deployer.jar, to ucl: org.jboss.mx.loading.UnifiedClassLoader3@a613f8{ url=file:/D:/Defina/jboss-4.0.2/server/defina/tmp/deploy/tmp20854jboss-service.xml ,addedOrder=2}
10:59:14,432 DEBUG [RepositoryClassLoader] Added url: file:/D:/Defina/jboss-4.0.2/server/defina/lib/commons-httpclient.jar, to ucl: org.jboss.mx.loading.UnifiedClassLoader3@a613f8{ url=file:/D:/Defina/jboss-4.0.2/server/defina/tmp/deploy/tmp20854jboss-service.xml ,addedOrder=2}
10:59:14,442 DEBUG [RepositoryClassLoader] Added url: file:/D:/Defina/jboss-4.0.2/server/defina/lib/commons-logging.jar, to ucl: org.jboss.mx.loading.UnifiedClassLoader3@a613f8{ url=file:/D:/Defina/jboss-4.0.2/server/defina/tmp/deploy/tmp20854jboss-service.xml ,addedOrder=2}
10:59:14,442 DEBUG [RepositoryClassLoader] Added url: file:/D:/Defina/jboss-4.0.2/server/defina/lib/hsqldb-plugin.jar, to ucl: org.jboss.mx.loading.UnifiedClassLoader3@a613f8{ url=file:/D:/Defina/jboss-4.0.2/server/defina/tmp/deploy/tmp20854jboss-service.xml ,addedOrder=2}
10:59:14,442 DEBUG [ClassLoaderUtils] Multiple class loaders found for pkg: 
10:59:14,472 DEBUG [RepositoryClassLoader] Added url: file:/D:/Defina/jboss-4.0.2/server/defina/lib/hsqldb.jar, to ucl: org.jboss.mx.loading.UnifiedClassLoader3@a613f8{ url=file:/D:/Defina/jboss-4.0.2/server/defina/tmp/deploy/tmp20854jboss-service.xml ,addedOrder=2}
10:59:14,482 DEBUG [RepositoryClassLoader] Added url: file:/D:/Defina/jboss-4.0.2/server/defina/lib/javax.servlet.jar, to ucl: org.jboss.mx.loading.UnifiedClassLoader3@a613f8{ url=file:/D:/Defina/jboss-4.0.2/server/defina/tmp/deploy/tmp20854jboss-service.xml ,addedOrder=2}
10:59:14,482 DEBUG [RepositoryClassLoader] Added url: file:/D:/Defina/jboss-4.0.2/server/defina/lib/javax.servlet.jsp.jar, to ucl: org.jboss.mx.loading.UnifiedClassLoader3@a613f8{ url=file:/D:/Defina/jboss-4.0.2/server/defina/tmp/deploy/tmp20854jboss-service.xml ,addedOrder=2}
10:59:14,492 DEBUG [RepositoryClassLoader] Added url: file:/D:/Defina/jboss-4.0.2/server/defina/lib/jboss-common-jdbc-wrapper.jar, to ucl: org.jboss.mx.loading.UnifiedClassLoader3@a613f8{ url=file:/D:/Defina/jboss-4.0.2/server/defina/tmp/deploy/tmp20854jboss-service.xml ,addedOrder=2}
10:59:14,512 DEBUG [RepositoryClassLoader] Added url: file:/D:/Defina/jboss-4.0.2/server/defina/lib/jboss-j2ee.jar, to ucl: org.jboss.mx.loading.UnifiedClassLoader3@a613f8{ url=file:/D:/Defina/jboss-4.0.2/server/defina/tmp/deploy/tmp20854jboss-service.xml ,addedOrder=2}
10:59:14,522 DEBUG [RepositoryClassLoader] Added url: file:/D:/Defina/jboss-4.0.2/server/defina/lib/jboss-jaxrpc.jar, to ucl: org.jboss.mx.loading.UnifiedClassLoader3@a613f8{ url=file:/D:/Defina/jboss-4.0.2/server/defina/tmp/deploy/tmp20854jboss-service.xml ,addedOrder=2}
10:59:14,522 DEBUG [RepositoryClassLoader] Added url: file:/D:/Defina/jboss-4.0.2/server/defina/lib/jboss-jca.jar, to ucl: org.jboss.mx.loading.UnifiedClassLoader3@a613f8{ url=file:/D:/Defina/jboss-4.0.2/server/defina/tmp/deploy/tmp20854jboss-service.xml ,addedOrder=2}
10:59:14,522 DEBUG [RepositoryClassLoader] Added url: file:/D:/Defina/jboss-4.0.2/server/defina/lib/jboss-jsr77.jar, to ucl: org.jboss.mx.loading.UnifiedClassLoader3@a613f8{ url=file:/D:/Defina/jboss-4.0.2/server/defina/tmp/deploy/tmp20854jboss-service.xml ,addedOrder=2}
10:59:14,532 DEBUG [RepositoryClassLoader] Added url: file:/D:/Defina/jboss-4.0.2/server/defina/lib/jboss-management.jar, to ucl: org.jboss.mx.loading.UnifiedClassLoader3@a613f8{ url=file:/D:/Defina/jboss-4.0.2/server/defina/tmp/deploy/tmp20854jboss-service.xml ,addedOrder=2}
10:59:14,532 DEBUG [RepositoryClassLoader] Added url: file:/D:/Defina/jboss-4.0.2/server/defina/lib/jboss-monitoring.jar, to ucl: org.jboss.mx.loading.UnifiedClassLoader3@a613f8{ url=file:/D:/Defina/jboss-4.0.2/server/defina/tmp/deploy/tmp20854jboss-service.xml ,addedOrder=2}
10:59:14,532 DEBUG [RepositoryClassLoader] Added url: file:/D:/Defina/jboss-4.0.2/server/defina/lib/jboss-saaj.jar, to ucl: org.jboss.mx.loading.UnifiedClassLoader3@a613f8{ url=file:/D:/Defina/jboss-4.0.2/server/defina/tmp/deploy/tmp20854jboss-service.xml ,addedOrder=2}
10:59:14,532 DEBUG [RepositoryClassLoader] Added url: file:/D:/Defina/jboss-4.0.2/server/defina/lib/jboss-transaction.jar, to ucl: org.jboss.mx.loading.UnifiedClassLoader3@a613f8{ url=file:/D:/Defina/jboss-4.0.2/server/defina/tmp/deploy/tmp20854jboss-service.xml ,addedOrder=2}
10:59:14,612 DEBUG [RepositoryClassLoader] Added url: file:/D:/Defina/jboss-4.0.2/server/defina/lib/jboss.jar, to ucl: org.jboss.mx.loading.UnifiedClassLoader3@a613f8{ url=file:/D:/Defina/jboss-4.0.2/server/defina/tmp/deploy/tmp20854jboss-service.xml ,addedOrder=2}
10:59:14,632 DEBUG [RepositoryClassLoader] Added url: file:/D:/Defina/jboss-4.0.2/server/defina/lib/jbossmq.jar, to ucl: org.jboss.mx.loading.UnifiedClassLoader3@a613f8{ url=file:/D:/Defina/jboss-4.0.2/server/defina/tmp/deploy/tmp20854jboss-service.xml ,addedOrder=2}
10:59:14,642 DEBUG [RepositoryClassLoader] Added url: file:/D:/Defina/jboss-4.0.2/server/defina/lib/jbosssx.jar, to ucl: org.jboss.mx.loading.UnifiedClassLoader3@a613f8{ url=file:/D:/Defina/jboss-4.0.2/server/defina/tmp/deploy/tmp20854jboss-service.xml ,addedOrder=2}
10:59:14,652 DEBUG [RepositoryClassLoader] Added url: file:/D:/Defina/jboss-4.0.2/server/defina/lib/jmx-adaptor-plugin.jar, to ucl: org.jboss.mx.loading.UnifiedClassLoader3@a613f8{ url=file:/D:/Defina/jboss-4.0.2/server/defina/tmp/deploy/tmp20854jboss-service.xml ,addedOrder=2}
10:59:14,652 DEBUG [RepositoryClassLoader] Added url: file:/D:/Defina/jboss-4.0.2/server/defina/lib/jnpserver.jar, to ucl: org.jboss.mx.loading.UnifiedClassLoader3@a613f8{ url=file:/D:/Defina/jboss-4.0.2/server/defina/tmp/deploy/tmp20854jboss-service.xml ,addedOrder=2}
10:59:14,652 DEBUG [RepositoryClassLoader] Added url: file:/D:/Defina/jboss-4.0.2/server/defina/lib/jpl-pattern.jar, to ucl: org.jboss.mx.loading.UnifiedClassLoader3@a613f8{ url=file:/D:/Defina/jboss-4.0.2/server/defina/tmp/deploy/tmp20854jboss-service.xml ,addedOrder=2}
10:59:14,652 DEBUG [RepositoryClassLoader] Added url: file:/D:/Defina/jboss-4.0.2/server/defina/lib/jpl-util.jar, to ucl: org.jboss.mx.loading.UnifiedClassLoader3@a613f8{ url=file:/D:/Defina/jboss-4.0.2/server/defina/tmp/deploy/tmp20854jboss-service.xml ,addedOrder=2}
10:59:14,652 DEBUG [RepositoryClassLoader] Added url: file:/D:/Defina/jboss-4.0.2/server/defina/lib/license.html, to ucl: org.jboss.mx.loading.UnifiedClassLoader3@a613f8{ url=file:/D:/Defina/jboss-4.0.2/server/defina/tmp/deploy/tmp20854jboss-service.xml ,addedOrder=2}
10:59:14,672 DEBUG [RepositoryClassLoader] Added url: file:/D:/Defina/jboss-4.0.2/server/defina/lib/log4j.jar, to ucl: org.jboss.mx.loading.UnifiedClassLoader3@a613f8{ url=file:/D:/Defina/jboss-4.0.2/server/defina/tmp/deploy/tmp20854jboss-service.xml ,addedOrder=2}
10:59:14,672 DEBUG [RepositoryClassLoader] Added url: file:/D:/Defina/jboss-4.0.2/server/defina/lib/mail-plugin.jar, to ucl: org.jboss.mx.loading.UnifiedClassLoader3@a613f8{ url=file:/D:/Defina/jboss-4.0.2/server/defina/tmp/deploy/tmp20854jboss-service.xml ,addedOrder=2}
10:59:14,682 DEBUG [RepositoryClassLoader] Added url: file:/D:/Defina/jboss-4.0.2/server/defina/lib/mail.jar, to ucl: org.jboss.mx.loading.UnifiedClassLoader3@a613f8{ url=file:/D:/Defina/jboss-4.0.2/server/defina/tmp/deploy/tmp20854jboss-service.xml ,addedOrder=2}
10:59:14,692 DEBUG [RepositoryClassLoader] Added url: file:/D:/Defina/jboss-4.0.2/server/defina/lib/properties-plugin.jar, to ucl: org.jboss.mx.loading.UnifiedClassLoader3@a613f8{ url=file:/D:/Defina/jboss-4.0.2/server/defina/tmp/deploy/tmp20854jboss-service.xml ,addedOrder=2}
10:59:14,692 DEBUG [RepositoryClassLoader] Added url: file:/D:/Defina/jboss-4.0.2/server/defina/lib/scheduler-plugin-example.jar, to ucl: org.jboss.mx.loading.UnifiedClassLoader3@a613f8{ url=file:/D:/Defina/jboss-4.0.2/server/defina/tmp/deploy/tmp20854jboss-service.xml ,addedOrder=2}
10:59:14,692 DEBUG [RepositoryClassLoader] Added url: file:/D:/Defina/jboss-4.0.2/server/defina/lib/scheduler-plugin.jar, to ucl: org.jboss.mx.loading.UnifiedClassLoader3@a613f8{ url=file:/D:/Defina/jboss-4.0.2/server/defina/tmp/deploy/tmp20854jboss-service.xml ,addedOrder=2}
10:59:14,692 DEBUG [RepositoryClassLoader] Added url: file:/D:/Defina/jboss-4.0.2/server/defina/lib/scout.jar, to ucl: org.jboss.mx.loading.UnifiedClassLoader3@a613f8{ url=file:/D:/Defina/jboss-4.0.2/server/defina/tmp/deploy/tmp20854jboss-service.xml ,addedOrder=2}
10:59:14,692 DEBUG [RepositoryClassLoader] Added url: file:/D:/Defina/jboss-4.0.2/server/defina/lib/snmp-support.jar, to ucl: org.jboss.mx.loading.UnifiedClassLoader3@a613f8{ url=file:/D:/Defina/jboss-4.0.2/server/defina/tmp/deploy/tmp20854jboss-service.xml ,addedOrder=2}
10:59:14,692 DEBUG [RepositoryClassLoader] Added url: file:/D:/Defina/jboss-4.0.2/server/defina/lib/webcallbackhandler.jar, to ucl: org.jboss.mx.loading.UnifiedClassLoader3@a613f8{ url=file:/D:/Defina/jboss-4.0.2/server/defina/tmp/deploy/tmp20854jboss-service.xml ,addedOrder=2}
10:59:14,702 DEBUG [MainDeployer] found 0 subpackages of file:/D:/Defina/jboss-4.0.2/server/defina/conf/jboss-service.xml
10:59:14,702 DEBUG [MainDeployer] Watching new file: file:/D:/Defina/jboss-4.0.2/server/defina/conf/jboss-service.xml
10:59:14,702 DEBUG [MainDeployer] create step for deployment file:/D:/Defina/jboss-4.0.2/server/defina/conf/jboss-service.xml
10:59:14,702 DEBUG [SARDeployer] Deploying SAR, create step: url file:/D:/Defina/jboss-4.0.2/server/defina/conf/jboss-service.xml
10:59:14,702 DEBUG [SARDeployer] Registering service UCL=jmx.loading:UCL=a613f8
10:59:14,702 DEBUG [ServiceCreator] About to create bean: jboss.management.local:j2eeType=J2EEDomain,name=Manager with code: org.jboss.management.j2ee.LocalJBossServerDomain
10:59:14,742 DEBUG [LocalJBossServerDomain] ctor, name: jboss.management.local:j2eeType=J2EEDomain,name=Manager
10:59:14,752 DEBUG [LocalJBossServerDomain] postRegister(), parent: null
10:59:14,752 DEBUG [LocalJBossServerDomain] setupJ2EEMBeans(), create J2EEServer instance
10:59:14,762 DEBUG [J2EEServer] postRegister(), parent: jboss.management.local:j2eeType=J2EEDomain,name=Manager
10:59:14,782 DEBUG [JVM] postRegister(), parent: jboss.management.local:j2eeType=J2EEServer,name=Local
10:59:14,792 DEBUG [LocalJBossServerDomain] Registered as listener of: jboss.system:service=ServiceController
10:59:14,792 DEBUG [ServiceCreator] Created bean: jboss.management.local:j2eeType=J2EEDomain,name=Manager
10:59:14,792 DEBUG [ServiceConfigurator] MainDeployer set to jboss.system:service=MainDeployer in jboss.management.local:j2eeType=J2EEDomain,name=Manager
10:59:14,802 DEBUG [ServiceConfigurator] SARDeployer set to jboss.system:service=ServiceDeployer in jboss.management.local:j2eeType=J2EEDomain,name=Manager
10:59:14,802 DEBUG [ServiceConfigurator] EARDeployer set to jboss.j2ee:service=EARDeployer in jboss.management.local:j2eeType=J2EEDomain,name=Manager
10:59:14,802 DEBUG [ServiceConfigurator] EJBDeployer set to jboss.ejb:service=EJBDeployer in jboss.management.local:j2eeType=J2EEDomain,name=Manager
10:59:14,802 DEBUG [ServiceConfigurator] RARDeployer set to jboss.jca:service=RARDeployer in jboss.management.local:j2eeType=J2EEDomain,name=Manager
10:59:14,802 DEBUG [ServiceConfigurator] CMDeployer set to jboss.jca:service=ConnectionFactoryDeployer in jboss.management.local:j2eeType=J2EEDomain,name=Manager
10:59:14,802 DEBUG [ServiceConfigurator] WARDeployer set to jboss.web:service=WebServer in jboss.management.local:j2eeType=J2EEDomain,name=Manager
10:59:14,802 DEBUG [ServiceConfigurator] MailService set to jboss:service=Mail in jboss.management.local:j2eeType=J2EEDomain,name=Manager
10:59:14,802 DEBUG [ServiceConfigurator] JMSService set to jboss.mq:service=DestinationManager in jboss.management.local:j2eeType=J2EEDomain,name=Manager
10:59:14,812 DEBUG [ServiceConfigurator] JNDIService set to jboss:service=Naming in jboss.management.local:j2eeType=J2EEDomain,name=Manager
10:59:14,812 DEBUG [ServiceConfigurator] JTAService set to jboss:service=TransactionManager in jboss.management.local:j2eeType=J2EEDomain,name=Manager
10:59:14,812 DEBUG [ServiceConfigurator] UserTransactionService set to jboss:service=ClientUserTransaction in jboss.management.local:j2eeType=J2EEDomain,name=Manager
10:59:14,812 DEBUG [ServiceConfigurator] RMI_IIOPService set to jboss:service=CorbaORB in jboss.management.local:j2eeType=J2EEDomain,name=Manager
10:59:14,812 DEBUG [ServiceCreator] About to create xmbean object: jboss:service=AttributePersistenceService with code: org.jboss.system.pm.AttributePersistenceService with descriptor: resource:xmdesc/AttributePersistenceService-xmbean.xml
10:59:14,822 DEBUG [ModelMBeanInvoker] Loaded persistence mgr: org.jboss.mx.persistence.ObjectStreamPersistenceManager
10:59:14,822 DEBUG [ObjectStreamPersistenceManager] load, resource:org.jboss.system.pm.AttributePersistenceService@113a53d
10:59:14,822 DEBUG [ObjectStreamPersistenceManager] Store file is: D:\Defina\jboss-4.0.2\server\defina\data\xmbean-attrs\AttributePersistenceService.ser
10:59:14,822 DEBUG [ServiceCreator] Created bean: jboss:service=AttributePersistenceService
10:59:14,832 DEBUG [ServiceCreator] About to create bean: jboss.system:service=ThreadPool with code: org.jboss.util.threadpool.BasicThreadPool
10:59:14,842 DEBUG [ServiceCreator] Created bean: jboss.system:service=ThreadPool
10:59:14,842 DEBUG [ServiceConfigurator] Name set to JBoss System Threads in jboss.system:service=ThreadPool
10:59:14,842 DEBUG [ServiceConfigurator] ThreadGroupName set to System Threads in jboss.system:service=ThreadPool
10:59:14,842 DEBUG [ServiceConfigurator] KeepAliveTime set to 60000 in jboss.system:service=ThreadPool
10:59:14,842 DEBUG [ServiceConfigurator] MaximumPoolSize set to 10 in jboss.system:service=ThreadPool
10:59:14,842 DEBUG [ServiceConfigurator] MaximumQueueSize set to 1000 in jboss.system:service=ThreadPool
10:59:14,842 DEBUG [ServiceConfigurator] BlockingMode set to run in jboss.system:service=ThreadPool
10:59:14,842 DEBUG [ServiceCreator] About to create xmbean object: jboss.system:service=Logging,type=Log4jService with code: org.jboss.logging.Log4jService with descriptor: resource:xmdesc/Log4jService-xmbean.xml
10:59:14,862 DEBUG [ServiceCreator] Created bean: jboss.system:service=Logging,type=Log4jService
10:59:14,862 DEBUG [ServiceConfigurator] ConfigurationURL set to resource:log4j.xml in jboss.system:service=Logging,type=Log4jService
10:59:14,862 DEBUG [ServiceConfigurator] Log4jQuietMode set to true in jboss.system:service=Logging,type=Log4jService
10:59:14,862 DEBUG [ServiceConfigurator] RefreshPeriod set to 60 in jboss.system:service=Logging,type=Log4jService
10:59:14,872 DEBUG [ServiceCreator] About to create bean: jboss.rmi:type=RMIClassLoader with code: org.jboss.util.property.jmx.SystemPropertyClassValue
10:59:14,872 DEBUG [ServiceCreator] Created bean: jboss.rmi:type=RMIClassLoader
10:59:14,872 DEBUG [ServiceConfigurator] Property set to java.rmi.server.RMIClassLoaderSpi in jboss.rmi:type=RMIClassLoader
10:59:14,872 DEBUG [ServiceConfigurator] ClassName set to org.jboss.system.JBossRMIClassLoader in jboss.rmi:type=RMIClassLoader
10:59:14,872 DEBUG [ServiceCreator] About to create bean: jboss:service=WebService with code: org.jboss.web.WebService
10:59:14,882 DEBUG [ServiceCreator] Created bean: jboss:service=WebService
10:59:14,882 DEBUG [ServiceConfigurator] Port set to 8083 in jboss:service=WebService
10:59:14,882 DEBUG [ServiceConfigurator] DownloadServerClasses set to true in jboss:service=WebService
10:59:14,882 DEBUG [ServiceConfigurator] Host set to 0.0.0.0 in jboss:service=WebService
10:59:14,882 DEBUG [ServiceConfigurator] BindAddress set to 0.0.0.0 in jboss:service=WebService
10:59:14,882 DEBUG [ServiceCreator] About to create xmbean object: jboss:service=Naming with code: org.jboss.naming.NamingService with descriptor: resource:xmdesc/NamingService-xmbean.xml
10:59:14,903 DEBUG [ModelMBeanInvoker] Ignoring obsolete legacy interceptor: org.jboss.mx.interceptor.PersistenceInterceptor2
10:59:14,903 DEBUG [ModelMBeanInvoker] Ignoring obsolete legacy interceptor: org.jboss.mx.interceptor.ModelMBeanInterceptor
10:59:14,903 DEBUG [ModelMBeanInvoker] Ignoring obsolete legacy interceptor: org.jboss.mx.interceptor.ObjectReferenceInterceptor
10:59:14,903 DEBUG [ModelMBeanInvoker] Ignoring obsolete legacy interceptor: org.jboss.mx.interceptor.PersistenceInterceptor2
10:59:14,903 DEBUG [ModelMBeanInvoker] Ignoring obsolete legacy interceptor: org.jboss.mx.interceptor.ModelMBeanInterceptor
10:59:14,903 DEBUG [ModelMBeanInvoker] Ignoring obsolete legacy interceptor: org.jboss.mx.interceptor.ObjectReferenceInterceptor
10:59:14,913 DEBUG [ServiceCreator] Created bean: jboss:service=Naming
10:59:14,913 DEBUG [ServiceConfigurator] CallByValue set to false in jboss:service=Naming
10:59:14,913 DEBUG [ServiceConfigurator] Port set to 1099 in jboss:service=Naming
10:59:14,913 DEBUG [ServiceConfigurator] BindAddress set to 0.0.0.0 in jboss:service=Naming
10:59:14,913 DEBUG [ServiceConfigurator] RmiPort set to 1098 in jboss:service=Naming
10:59:14,913 DEBUG [ServiceConfigurator] RmiBindAddress set to 0.0.0.0 in jboss:service=Naming
10:59:14,913 DEBUG [ServiceController] recording that jboss:service=Naming depends on jboss.system:service=ThreadPool
10:59:14,913 DEBUG [ServiceConfigurator] considering LookupPool with object name jboss.system:service=ThreadPool
10:59:14,923 DEBUG [ServiceCreator] About to create xmbean object: jboss:service=JNDIView with code: org.jboss.naming.JNDIView with descriptor: resource:xmdesc/JNDIView-xmbean.xml
10:59:14,943 DEBUG [ServiceCreator] Created bean: jboss:service=JNDIView
10:59:14,943 DEBUG [ServiceCreator] About to create bean: jboss.security:service=SecurityConfig with code: org.jboss.security.plugins.SecurityConfig
10:59:14,943 DEBUG [ServiceCreator] Created bean: jboss.security:service=SecurityConfig
10:59:14,943 DEBUG [ServiceConfigurator] LoginConfig set to jboss.security:service=XMLLoginConfig in jboss.security:service=SecurityConfig
10:59:14,943 DEBUG [ServiceCreator] About to create bean: jboss.security:service=XMLLoginConfig with code: org.jboss.security.auth.login.XMLLoginConfig
10:59:14,963 DEBUG [ServiceCreator] Created bean: jboss.security:service=XMLLoginConfig
10:59:14,963 DEBUG [ServiceConfigurator] ConfigResource set to login-config.xml in jboss.security:service=XMLLoginConfig
10:59:14,963 DEBUG [ServiceCreator] About to create bean: jboss.security:service=JaasSecurityManager with code: org.jboss.security.plugins.JaasSecurityManagerService
10:59:14,973 DEBUG [ServiceCreator] Created bean: jboss.security:service=JaasSecurityManager
10:59:14,973 DEBUG [ServiceConfigurator] SecurityManagerClassName set to org.jboss.security.plugins.JaasSecurityManager in jboss.security:service=JaasSecurityManager
10:59:14,983 DEBUG [ServiceConfigurator] DefaultUnauthenticatedPrincipal set to anonymous in jboss.security:service=JaasSecurityManager
10:59:14,983 DEBUG [ServiceConfigurator] DefaultCacheTimeout set to 1800 in jboss.security:service=JaasSecurityManager
10:59:14,983 DEBUG [ServiceConfigurator] DefaultCacheResolution set to 60 in jboss.security:service=JaasSecurityManager
10:59:14,983 DEBUG [ServiceCreator] About to create bean: jboss:service=XidFactory with code: org.jboss.tm.XidFactory
10:59:14,983 DEBUG [ServiceCreator] Created bean: jboss:service=XidFactory
10:59:14,983 DEBUG [ServiceCreator] About to create xmbean object: jboss:service=TransactionManager with code: org.jboss.tm.TransactionManagerService with descriptor: resource:xmdesc/TransactionManagerService-xmbean.xml
10:59:15,003 DEBUG [ServiceCreator] Created bean: jboss:service=TransactionManager
10:59:15,003 DEBUG [ServiceConfigurator] TransactionTimeout set to 300 in jboss:service=TransactionManager
10:59:15,003 DEBUG [ServiceConfigurator] GlobalIdsEnabled set to true in jboss:service=TransactionManager
10:59:15,003 DEBUG [ServiceController] recording that jboss:service=TransactionManager depends on jboss:service=XidFactory
10:59:15,003 DEBUG [ServiceConfigurator] considering XidFactory with object name jboss:service=XidFactory
10:59:15,003 DEBUG [ServiceCreator] About to create xmbean object: jboss:service=ClientUserTransaction with code: org.jboss.tm.usertx.server.ClientUserTransactionService with descriptor: resource:xmdesc/ClientUserTransaction-xmbean.xml
10:59:15,013 DEBUG [ServiceCreator] Created bean: jboss:service=ClientUserTransaction
10:59:15,013 DEBUG [ServiceCreator] About to create bean: jboss:service=proxyFactory,target=ClientUserTransactionFactory with code: org.jboss.invocation.jrmp.server.JRMPProxyFactory
10:59:15,023 DEBUG [ServiceCreator] Created bean: jboss:service=proxyFactory,target=ClientUserTransactionFactory
10:59:15,023 DEBUG [ServiceConfigurator] InvokerName set to jboss:service=invoker,type=jrmp in jboss:service=proxyFactory,target=ClientUserTransactionFactory
10:59:15,033 DEBUG [ServiceConfigurator] TargetName set to jboss:service=ClientUserTransaction in jboss:service=proxyFactory,target=ClientUserTransactionFactory
10:59:15,033 DEBUG [ServiceConfigurator] JndiName set to UserTransactionSessionFactory in jboss:service=proxyFactory,target=ClientUserTransactionFactory
10:59:15,033 DEBUG [ServiceConfigurator] ExportedInterface set to interface org.jboss.tm.usertx.interfaces.UserTransactionSessionFactory in jboss:service=proxyFactory,target=ClientUserTransactionFactory
10:59:15,063 DEBUG [ServiceConfigurator] ClientInterceptors set to [interceptors: null] in jboss:service=proxyFactory,target=ClientUserTransactionFactory
10:59:15,063 DEBUG [JRMPProxyFactory] added interceptor type: class org.jboss.proxy.ClientMethodInterceptor
10:59:15,063 DEBUG [JRMPProxyFactory] added interceptor type: class org.jboss.invocation.InvokerInterceptor
10:59:15,063 DEBUG [ServiceController] recording that jboss:service=proxyFactory,target=ClientUserTransactionFactory depends on jboss:service=invoker,type=jrmp
10:59:15,063 DEBUG [ServiceConfigurator] considering <anonymous> with object name jboss:service=invoker,type=jrmp
10:59:15,063 DEBUG [ServiceController] recording that jboss:service=ClientUserTransaction depends on jboss:service=proxyFactory,target=ClientUserTransactionFactory
10:59:15,063 DEBUG [ServiceConfigurator] considering <anonymous> with object name jboss:service=proxyFactory,target=ClientUserTransactionFactory
10:59:15,063 DEBUG [ServiceCreator] About to create bean: jboss:service=proxyFactory,target=ClientUserTransaction with code: org.jboss.invocation.jrmp.server.JRMPProxyFactory
10:59:15,063 DEBUG [ServiceCreator] Created bean: jboss:service=proxyFactory,target=ClientUserTransaction
10:59:15,063 DEBUG [ServiceConfigurator] InvokerName set to jboss:service=invoker,type=jrmp in jboss:service=proxyFactory,target=ClientUserTransaction
10:59:15,063 DEBUG [ServiceConfigurator] TargetName set to jboss:service=ClientUserTransaction in jboss:service=proxyFactory,target=ClientUserTransaction
10:59:15,063 DEBUG [ServiceConfigurator] ExportedInterface set to interface org.jboss.tm.usertx.interfaces.UserTransactionSession in jboss:service=proxyFactory,target=ClientUserTransaction
10:59:15,073 DEBUG [ServiceConfigurator] ClientInterceptors set to [interceptors: null] in jboss:service=proxyFactory,target=ClientUserTransaction
10:59:15,073 DEBUG [JRMPProxyFactory] added interceptor type: class org.jboss.proxy.ClientMethodInterceptor
10:59:15,073 DEBUG [JRMPProxyFactory] added interceptor type: class org.jboss.invocation.InvokerInterceptor
10:59:15,073 DEBUG [ServiceController] recording that jboss:service=proxyFactory,target=ClientUserTransaction depends on jboss:service=invoker,type=jrmp
10:59:15,073 DEBUG [ServiceConfigurator] considering <anonymous> with object name jboss:service=invoker,type=jrmp
10:59:15,073 DEBUG [ServiceController] recording that jboss:service=ClientUserTransaction depends on jboss:service=proxyFactory,target=ClientUserTransaction
10:59:15,073 DEBUG [ServiceConfigurator] considering TxProxyName with object name jboss:service=proxyFactory,target=ClientUserTransaction
10:59:15,073 DEBUG [ServiceCreator] About to create bean: jboss:service=invoker,type=jrmp with code: org.jboss.invocation.jrmp.server.JRMPInvoker
10:59:15,083 DEBUG [ServiceCreator] Created bean: jboss:service=invoker,type=jrmp
10:59:15,083 DEBUG [ServiceConfigurator] RMIObjectPort set to 4444 in jboss:service=invoker,type=jrmp
10:59:15,083 DEBUG [ServiceConfigurator] ServerAddress set to 0.0.0.0 in jboss:service=invoker,type=jrmp
10:59:15,083 DEBUG [ServiceController] recording that jboss:service=invoker,type=jrmp depends on jboss:service=TransactionManager
10:59:15,083 DEBUG [ServiceConfigurator] considering <anonymous> with object name jboss:service=TransactionManager
10:59:15,083 DEBUG [ServiceCreator] About to create bean: jboss:service=invoker,type=local with code: org.jboss.invocation.local.LocalInvoker
10:59:15,083 DEBUG [ServiceCreator] Created bean: jboss:service=invoker,type=local
10:59:15,083 DEBUG [ServiceController] recording that jboss:service=invoker,type=local depends on jboss:service=TransactionManager
10:59:15,083 DEBUG [ServiceConfigurator] considering <anonymous> with object name jboss:service=TransactionManager
10:59:15,083 DEBUG [ServiceCreator] About to create bean: jboss:service=invoker,type=pooled with code: org.jboss.invocation.pooled.server.PooledInvoker
10:59:15,093 DEBUG [ServiceCreator] Created bean: jboss:service=invoker,type=pooled
10:59:15,093 DEBUG [ServiceConfigurator] NumAcceptThreads set to 1 in jboss:service=invoker,type=pooled
10:59:15,093 DEBUG [ServiceConfigurator] MaxPoolSize set to 300 in jboss:service=invoker,type=pooled
10:59:15,093 DEBUG [ServiceConfigurator] ClientMaxPoolSize set to 300 in jboss:service=invoker,type=pooled
10:59:15,093 DEBUG [ServiceConfigurator] SocketTimeout set to 60000 in jboss:service=invoker,type=pooled
10:59:15,093 DEBUG [ServiceConfigurator] ServerBindAddress set to 0.0.0.0 in jboss:service=invoker,type=pooled
10:59:15,093 DEBUG [ServiceConfigurator] ServerBindPort set to 4445 in jboss:service=invoker,type=pooled
10:59:15,093 DEBUG [ServiceConfigurator] ClientConnectAddress set to 0.0.0.0 in jboss:service=invoker,type=pooled
10:59:15,093 DEBUG [ServiceConfigurator] ClientConnectPort set to 0 in jboss:service=invoker,type=pooled
10:59:15,093 DEBUG [ServiceConfigurator] EnableTcpNoDelay set to false in jboss:service=invoker,type=pooled
10:59:15,093 DEBUG [ServiceController] recording that jboss:service=invoker,type=pooled depends on jboss:service=TransactionManager
10:59:15,093 DEBUG [ServiceConfigurator] considering TransactionManagerService with object name jboss:service=TransactionManager
10:59:15,093 DEBUG [ServiceCreator] About to create bean: jboss.jdbc:service=metadata with code: org.jboss.ejb.plugins.cmp.jdbc.metadata.MetaDataLibrary
10:59:15,103 DEBUG [ServiceCreator] Created bean: jboss.jdbc:service=metadata
10:59:15,103 DEBUG [ServiceCreator] About to create bean: jboss.deployment:flavor=URL,type=DeploymentScanner with code: org.jboss.deployment.scanner.URLDeploymentScanner
10:59:15,113 DEBUG [ServiceCreator] Created bean: jboss.deployment:flavor=URL,type=DeploymentScanner
10:59:15,113 DEBUG [ServiceController] recording that jboss.deployment:flavor=URL,type=DeploymentScanner depends on jboss.system:service=MainDeployer
10:59:15,113 DEBUG [ServiceConfigurator] considering Deployer with object name jboss.system:service=MainDeployer
10:59:15,123 DEBUG [ServiceConfigurator] URLComparator set to org.jboss.deployment.DeploymentSorter in jboss.deployment:flavor=URL,type=DeploymentScanner
10:59:15,123 DEBUG [ServiceConfigurator] FilterInstance set to org.jboss.deployment.scanner.DeploymentFilter@15311bd in jboss.deployment:flavor=URL,type=DeploymentScanner
10:59:15,123 DEBUG [ServiceConfigurator] ScanPeriod set to 5000 in jboss.deployment:flavor=URL,type=DeploymentScanner
10:59:15,123 DEBUG [ServiceConfigurator] ScanEnabled set to true in jboss.deployment:flavor=URL,type=DeploymentScanner
10:59:15,123 DEBUG [ServiceConfigurator] URLs set to deploy/ in jboss.deployment:flavor=URL,type=DeploymentScanner
10:59:15,123 DEBUG [URLDeploymentScanner] Adding URL from spec: deploy/
10:59:15,123 DEBUG [URLDeploymentScanner] URL: file:/D:/Defina/jboss-4.0.2/server/defina/deploy/
10:59:15,123 DEBUG [URLDeploymentScanner] Added url: file:/D:/Defina/jboss-4.0.2/server/defina/deploy/
10:59:15,123 DEBUG [URLDeploymentScanner] URL list: [file:/D:/Defina/jboss-4.0.2/server/defina/deploy/]
10:59:15,123 DEBUG [ServiceConfigurator] RecursiveSearch set to true in jboss.deployment:flavor=URL,type=DeploymentScanner
10:59:15,123 DEBUG [ServiceController] Creating service jboss.management.local:j2eeType=J2EEDomain,name=Manager
10:59:15,123 DEBUG [LocalJBossServerDomain] Creating jboss.management.local:j2eeType=J2EEDomain,name=Manager
10:59:15,133 DEBUG [LocalJBossServerDomain] Registering with all deployers, mainDeployer=jboss.system:service=MainDeployer
10:59:15,133 DEBUG [LocalJBossServerDomain] Getting current deployers
10:59:15,133 DEBUG [LocalJBossServerDomain] Registering as listener of deployer: jboss.system:service=ServiceDeployer
10:59:15,133 DEBUG [LocalJBossServerDomain] Registering as listener of deployer: jboss.system:service=JARDeployer
10:59:15,133 DEBUG [LocalJBossServerDomain] Created jboss.management.local:j2eeType=J2EEDomain,name=Manager
10:59:15,133 DEBUG [LocalJBossServerDomain] handleNotification: javax.management.Notification[source=jboss.system:service=ServiceController,type=org.jboss.system.ServiceMBean.create,sequenceNumber=7,timeStamp=1563379155133,message=null,userData=jboss.management.local:j2eeType=J2EEDomain,name=Manager]
10:59:15,133 DEBUG [DefaultManagedObjectFactoryMap] Failed to find factory for event: javax.management.Notification[source=jboss.system:service=ServiceController,type=org.jboss.system.ServiceMBean.create,sequenceNumber=7,timeStamp=1563379155133,message=null,userData=jboss.management.local:j2eeType=J2EEDomain,name=Manager]
10:59:15,133 DEBUG [ServiceController] Creating dependent components for: jboss.management.local:j2eeType=J2EEDomain,name=Manager dependents are: []
10:59:15,133 DEBUG [ServiceController] Creating service jboss:service=AttributePersistenceService
10:59:15,133 DEBUG [AttributePersistenceService] Creating jboss:service=AttributePersistenceService
10:59:15,133 DEBUG [AttributePersistenceService] Created jboss:service=AttributePersistenceService
10:59:15,133 DEBUG [LocalJBossServerDomain] handleNotification: javax.management.Notification[source=jboss.system:service=ServiceController,type=org.jboss.system.ServiceMBean.create,sequenceNumber=8,timeStamp=1563379155133,message=null,userData=jboss:service=AttributePersistenceService]
10:59:15,133 DEBUG [DefaultManagedObjectFactoryMap] Failed to find factory for event: javax.management.Notification[source=jboss.system:service=ServiceController,type=org.jboss.system.ServiceMBean.create,sequenceNumber=8,timeStamp=1563379155133,message=null,userData=jboss:service=AttributePersistenceService]
10:59:15,133 DEBUG [ServiceController] Creating dependent components for: jboss:service=AttributePersistenceService dependents are: []
10:59:15,133 DEBUG [ServiceController] Creating service jboss.system:service=ThreadPool
10:59:15,133 DEBUG [LocalJBossServerDomain] handleNotification: javax.management.Notification[source=jboss.system:service=ServiceController,type=org.jboss.system.ServiceMBean.create,sequenceNumber=9,timeStamp=1563379155133,message=null,userData=jboss.system:service=ThreadPool]
10:59:15,133 DEBUG [DefaultManagedObjectFactoryMap] Failed to find factory for event: javax.management.Notification[source=jboss.system:service=ServiceController,type=org.jboss.system.ServiceMBean.create,sequenceNumber=9,timeStamp=1563379155133,message=null,userData=jboss.system:service=ThreadPool]
10:59:15,133 DEBUG [ServiceController] Creating dependent components for: jboss.system:service=ThreadPool dependents are: [ObjectName: jboss:service=Naming
  State: CONFIGURED
  I Depend On:
    jboss.system:service=ThreadPool
]
10:59:15,133 DEBUG [ServiceController] Creating service jboss:service=Naming
10:59:15,133 DEBUG [NamingService] Creating jboss:service=Naming
10:59:15,133 DEBUG [NamingService] Created jboss:service=Naming
10:59:15,133 DEBUG [LocalJBossServerDomain] handleNotification: javax.management.Notification[source=jboss.system:service=ServiceController,type=org.jboss.system.ServiceMBean.create,sequenceNumber=10,timeStamp=1563379155133,message=null,userData=jboss:service=Naming]
10:59:15,143 DEBUG [JNDIResource] Service name: jboss:service=Naming
10:59:15,143 DEBUG [JNDIResource] postRegister(), parent: jboss.management.local:j2eeType=J2EEServer,name=Local
10:59:15,143 DEBUG [JNDIResource] Created JSR-77 JNDIResource: LocalJNDI
10:59:15,143 DEBUG [ServiceController] Creating dependent components for: jboss:service=Naming dependents are: []
10:59:15,143 DEBUG [ServiceController] Creating service jboss.system:service=Logging,type=Log4jService
10:59:15,143 DEBUG [Log4jService] Creating jboss.system:service=Logging,type=Log4jService
10:59:15,143 INFO  [Log4jService$URLWatchTimerTask] Configuring from URL: resource:log4j.xml
