
An unexpected exception has been detected in native code outside the VM.
Unexpected Signal : EXCEPTION_ACCESS_VIOLATION (0xc0000005) occurred at PC=0x7C901010
Function=RtlEnterCriticalSection+0xB
Library=C:\WINDOWS\system32\ntdll.dll

Current Java thread:
	at sun.jdbc.odbc.JdbcOdbc.allocStmt(Native Method)
	at sun.jdbc.odbc.JdbcOdbc.SQLAllocStmt(Unknown Source)
	at sun.jdbc.odbc.JdbcOdbcConnection.prepareStatement(Unknown Source)
	at sun.jdbc.odbc.JdbcOdbcConnection.prepareStatement(Unknown Source)
	at atad.defina.datos.AccesoDatosJDBC.ejecutarActualizacion(AccesoDatosJDBC.java:524)
	at atad.defina.datos.AccesoDatosJDBC.actualizarVersion(AccesoDatosJDBC.java:189)
	at atad.defina.pres.ProcesadorAjax.modificarVersion(ProcesadorAjax.java:1259)
	at atad.defina.pres.ProcesadorAjax.despachar(ProcesadorAjax.java:341)
	at org.apache.jsp.procesarAjax_jsp._jspService(org.apache.jsp.procesarAjax_jsp:43)
	at org.apache.jasper.runtime.HttpJspBase.service(HttpJspBase.java:97)
	at javax.servlet.http.HttpServlet.service(HttpServlet.java:810)
	at org.apache.jasper.servlet.JspServletWrapper.service(JspServletWrapper.java:322)
	at org.apache.jasper.servlet.JspServlet.serviceJspFile(JspServlet.java:314)
	at org.apache.jasper.servlet.JspServlet.service(JspServlet.java:264)
	at javax.servlet.http.HttpServlet.service(HttpServlet.java:810)
	at org.apache.catalina.core.ApplicationFilterChain.internalDoFilter(ApplicationFilterChain.java:252)
	at org.apache.catalina.core.ApplicationFilterChain.doFilter(ApplicationFilterChain.java:173)
	at org.jboss.web.tomcat.filters.ReplyHeaderFilter.doFilter(ReplyHeaderFilter.java:81)
	at org.apache.catalina.core.ApplicationFilterChain.internalDoFilter(ApplicationFilterChain.java:202)
	at org.apache.catalina.core.ApplicationFilterChain.doFilter(ApplicationFilterChain.java:173)
	at org.apache.catalina.core.StandardWrapperValve.invoke(StandardWrapperValve.java:213)
	at org.apache.catalina.core.StandardContextValve.invoke(StandardContextValve.java:178)
	at org.jboss.web.tomcat.security.CustomPrincipalValve.invoke(CustomPrincipalValve.java:39)
	at org.jboss.web.tomcat.security.SecurityAssociationValve.invoke(SecurityAssociationValve.java:153)
	at org.apache.catalina.authenticator.AuthenticatorBase.invoke(AuthenticatorBase.java:407)
	at org.jboss.web.tomcat.security.JaccContextValve.invoke(JaccContextValve.java:59)
	at org.apache.catalina.core.StandardHostValve.invoke(StandardHostValve.java:126)
	at org.apache.catalina.valves.ErrorReportValve.invoke(ErrorReportValve.java:105)
	at org.apache.catalina.core.StandardEngineValve.invoke(StandardEngineValve.java:107)
	at org.apache.catalina.connector.CoyoteAdapter.service(CoyoteAdapter.java:148)
	at org.apache.coyote.http11.Http11Processor.process(Http11Processor.java:856)
	at org.apache.coyote.http11.Http11Protocol$Http11ConnectionHandler.processConnection(Http11Protocol.java:744)
	at org.apache.tomcat.util.net.PoolTcpEndpoint.processSocket(PoolTcpEndpoint.java:527)
	at org.apache.tomcat.util.net.MasterSlaveWorkerThread.run(MasterSlaveWorkerThread.java:112)
	at java.lang.Thread.run(Unknown Source)

Dynamic libraries:
0x00400000 - 0x0040B000 	C:\Program Files\Java\j2re1.4.2_07\bin\java.exe
0x7C900000 - 0x7C9B0000 	C:\WINDOWS\system32\ntdll.dll
0x7C800000 - 0x7C8F5000 	C:\WINDOWS\system32\kernel32.dll
0x77DD0000 - 0x77E6B000 	C:\WINDOWS\system32\ADVAPI32.dll
0x77E70000 - 0x77F01000 	C:\WINDOWS\system32\RPCRT4.dll
0x77C10000 - 0x77C68000 	C:\WINDOWS\system32\MSVCRT.dll
0x08000000 - 0x08138000 	C:\Program Files\Java\j2re1.4.2_07\bin\client\jvm.dll
0x7E410000 - 0x7E4A1000 	C:\WINDOWS\system32\USER32.dll
0x77F10000 - 0x77F57000 	C:\WINDOWS\system32\GDI32.dll
0x76B40000 - 0x76B6D000 	C:\WINDOWS\system32\WINMM.dll
0x10000000 - 0x10007000 	C:\Program Files\Java\j2re1.4.2_07\bin\hpi.dll
0x008E0000 - 0x008EE000 	C:\Program Files\Java\j2re1.4.2_07\bin\verify.dll
0x008F0000 - 0x00909000 	C:\Program Files\Java\j2re1.4.2_07\bin\java.dll
0x00910000 - 0x0091D000 	C:\Program Files\Java\j2re1.4.2_07\bin\zip.dll
0x034F0000 - 0x034FF000 	C:\Program Files\Java\j2re1.4.2_07\bin\net.dll
0x71AB0000 - 0x71AC7000 	C:\WINDOWS\system32\WS2_32.dll
0x71AA0000 - 0x71AA8000 	C:\WINDOWS\system32\WS2HELP.dll
0x751D0000 - 0x751EE000 	C:\WINDOWS\system32\wshbth.dll
0x77920000 - 0x77A13000 	C:\WINDOWS\system32\SETUPAPI.dll
0x71A50000 - 0x71A8F000 	C:\WINDOWS\System32\mswsock.dll
0x76F20000 - 0x76F47000 	C:\WINDOWS\system32\DNSAPI.dll
0x76FB0000 - 0x76FB8000 	C:\WINDOWS\System32\winrnr.dll
0x76F60000 - 0x76F8C000 	C:\WINDOWS\system32\WLDAP32.dll
0x035B0000 - 0x035D5000 	C:\Program Files\Bonjour\mdnsNSP.dll
0x76D60000 - 0x76D79000 	C:\WINDOWS\system32\Iphlpapi.dll
0x76FC0000 - 0x76FC6000 	C:\WINDOWS\system32\rasadhlp.dll
0x662B0000 - 0x66308000 	C:\WINDOWS\system32\hnetcfg.dll
0x71A90000 - 0x71A98000 	C:\WINDOWS\System32\wshtcpip.dll
0x04240000 - 0x04248000 	C:\Program Files\Java\j2re1.4.2_07\bin\nio.dll
0x046D0000 - 0x046DC000 	C:\Program Files\Java\j2re1.4.2_07\bin\JdbcOdbc.dll
0x74320000 - 0x7435D000 	C:\WINDOWS\system32\ODBC32.dll
0x5D090000 - 0x5D12A000 	C:\WINDOWS\system32\COMCTL32.dll
0x7C9C0000 - 0x7D1D7000 	C:\WINDOWS\system32\SHELL32.dll
0x77F60000 - 0x77FD6000 	C:\WINDOWS\system32\SHLWAPI.dll
0x763B0000 - 0x763F9000 	C:\WINDOWS\system32\comdlg32.dll
0x773D0000 - 0x774D3000 	C:\WINDOWS\WinSxS\x86_Microsoft.Windows.Common-Controls_6595b64144ccf1df_6.0.2600.2982_x-ww_ac3f9c03\comctl32.dll
0x04760000 - 0x04777000 	C:\WINDOWS\system32\odbcint.dll
0x774E0000 - 0x7761D000 	C:\WINDOWS\system32\ole32.dll
0x77120000 - 0x771AB000 	C:\WINDOWS\system32\OLEAUT32.dll
0x5FE80000 - 0x5FE9B000 	C:\WINDOWS\system32\odbccp32.dll
0x77C00000 - 0x77C08000 	C:\WINDOWS\system32\VERSION.dll
0x77FE0000 - 0x77FF1000 	C:\WINDOWS\system32\Secur32.dll
0x76FD0000 - 0x7704F000 	C:\WINDOWS\system32\CLBCATQ.DLL
0x77050000 - 0x77115000 	C:\WINDOWS\system32\COMRes.dll
0x0F9A0000 - 0x0F9AB000 	C:\WINDOWS\system32\VBAJET32.DLL
0x5AD70000 - 0x5ADA8000 	C:\WINDOWS\system32\uxtheme.dll
0x4DD40000 - 0x4DD84000 	C:\WINDOWS\system32\odbcjt32.dll
0x048A0000 - 0x04A10000 	C:\WINDOWS\system32\msjet40.dll
0x04A10000 - 0x04AA5000 	C:\WINDOWS\system32\mswstr10.dll
0x5D130000 - 0x5D13E000 	C:\WINDOWS\system32\odbcji32.dll
0x052B0000 - 0x052BD000 	C:\WINDOWS\system32\msjter40.dll
0x052C0000 - 0x052E6000 	C:\WINDOWS\system32\MSJINT40.DLL
0x05A50000 - 0x05A8A000 	C:\WINDOWS\system32\msjtes40.dll
0x0F9C0000 - 0x0FA22000 	C:\WINDOWS\system32\expsrv.dll
0x76C90000 - 0x76CB8000 	C:\WINDOWS\system32\imagehlp.dll
0x59A60000 - 0x59B01000 	C:\WINDOWS\system32\DBGHELP.dll
0x76BF0000 - 0x76BFB000 	C:\WINDOWS\system32\PSAPI.DLL

Heap at VM Abort:
Heap
 def new generation   total 9152K, used 1970K [0x10010000, 0x109f0000, 0x12770000)
  eden space 8192K,  24% used [0x10010000, 0x101fc9f0, 0x10810000)
  from space 960K,   0% used [0x10810000, 0x10810000, 0x10900000)
  to   space 960K,   0% used [0x10900000, 0x10900000, 0x109f0000)
 tenured generation   total 121024K, used 30462K [0x12770000, 0x19da0000, 0x30010000)
   the space 121024K,  25% used [0x12770000, 0x1452f9b0, 0x1452fa00, 0x19da0000)
 compacting perm gen  total 21248K, used 21156K [0x30010000, 0x314d0000, 0x34010000)
   the space 21248K,  99% used [0x30010000, 0x314b9060, 0x314b9200, 0x314d0000)

Local Time = Wed May 27 23:08:21 2009
Elapsed Time = 4374
#
# The exception above was detected in native code outside the VM
#
# Java VM: Java HotSpot(TM) Client VM (1.4.2_07-b05 mixed mode)
#
